Copyright 1986-2015 Xilinx, Inc. All Rights Reserved.
------------------------------------------------------------------------------------------------
| Tool Version : Vivado v.2015.2 (lin64) Build 1266856 Fri Jun 26 16:35:25 MDT 2015
| Date         : Wed Nov 14 11:10:26 2018
| Host         : lin12-418cvlb.ece.tamu.edu running 64-bit CentOS Linux release 7.5.1804 (Core)
| Command      : report_control_sets -verbose -file combination_lock_control_sets_placed.rpt
| Design       : combination_lock
| Device       : xc7z010
------------------------------------------------------------------------------------------------

Control Set Information

Table of Contents
-----------------
1. Summary
2. Flip-Flop Distribution
3. Detailed Control Set Information

1. Summary
----------

+-------------------------------------------------------------------+-------+
|                               Status                              | Count |
+-------------------------------------------------------------------+-------+
| Number of unique control sets                                     |     2 |
| Minimum Number of register sites lost to control set restrictions |     9 |
+-------------------------------------------------------------------+-------+


2. Flip-Flop Distribution
-------------------------

+--------------+-----------------------+------------------------+-----------------+--------------+
| Clock Enable | Synchronous Set/Reset | Asynchronous Set/Reset | Total Registers | Total Slices |
+--------------+-----------------------+------------------------+-----------------+--------------+
| No           | No                    | No                     |              15 |            5 |
| No           | No                    | Yes                    |               0 |            0 |
| No           | Yes                   | No                     |               0 |            0 |
| Yes          | No                    | No                     |               0 |            0 |
| Yes          | No                    | Yes                    |               0 |            0 |
| Yes          | Yes                   | No                     |               0 |            0 |
+--------------+-----------------------+------------------------+-----------------+--------------+


3. Detailed Control Set Information
-----------------------------------

+---------------------------------------------+---------------+------------------+------------------+----------------+
|                 Clock Signal                | Enable Signal | Set/Reset Signal | Slice Load Count | Bel Load Count |
+---------------------------------------------+---------------+------------------+------------------+----------------+
|  U1/FSM_sequential_nextState_reg[2]_i_2_n_0 |               |                  |                1 |              3 |
|  Clk_IBUF_BUFG                              |               |                  |                4 |             12 |
+---------------------------------------------+---------------+------------------+------------------+----------------+


