Copyright 1986-2015 Xilinx, Inc. All Rights Reserved.
------------------------------------------------------------------------------------------------
| Tool Version : Vivado v.2015.2 (lin64) Build 1266856 Fri Jun 26 16:35:25 MDT 2015
| Date         : Wed Oct 31 10:49:43 2018
| Host         : lin12-418cvlb.ece.tamu.edu running 64-bit CentOS Linux release 7.5.1804 (Core)
| Command      : report_control_sets -verbose -file top_level_control_sets_placed.rpt
| Design       : top_level
| Device       : xc7z010
------------------------------------------------------------------------------------------------

Control Set Information

Table of Contents
-----------------
1. Summary
2. Flip-Flop Distribution
3. Detailed Control Set Information

1. Summary
----------

+-------------------------------------------------------------------+-------+
|                               Status                              | Count |
+-------------------------------------------------------------------+-------+
| Number of unique control sets                                     |     2 |
| Minimum Number of register sites lost to control set restrictions |    11 |
+-------------------------------------------------------------------+-------+


2. Flip-Flop Distribution
-------------------------

+--------------+-----------------------+------------------------+-----------------+--------------+
| Clock Enable | Synchronous Set/Reset | Asynchronous Set/Reset | Total Registers | Total Slices |
+--------------+-----------------------+------------------------+-----------------+--------------+
| No           | No                    | No                     |              26 |            7 |
| No           | No                    | Yes                    |               3 |            1 |
| No           | Yes                   | No                     |               0 |            0 |
| Yes          | No                    | No                     |               0 |            0 |
| Yes          | No                    | Yes                    |               0 |            0 |
| Yes          | Yes                   | No                     |               0 |            0 |
+--------------+-----------------------+------------------------+-----------------+--------------+


3. Detailed Control Set Information
-----------------------------------

+--------------------+---------------+------------------+------------------+----------------+
|    Clock Signal    | Enable Signal | Set/Reset Signal | Slice Load Count | Bel Load Count |
+--------------------+---------------+------------------+------------------+----------------+
|  clk_div0/CLK      |               | BTNs_IBUF[1]     |                1 |              3 |
|  FastClk_IBUF_BUFG |               |                  |                7 |             26 |
+--------------------+---------------+------------------+------------------+----------------+


