Copyright 1986-2015 Xilinx, Inc. All Rights Reserved.
------------------------------------------------------------------------------------------------
| Tool Version : Vivado v.2015.2 (lin64) Build 1266856 Fri Jun 26 16:35:25 MDT 2015
| Date         : Wed Nov 28 10:41:30 2018
| Host         : lin08-418cvlb.ece.tamu.edu running 64-bit CentOS Linux release 7.5.1804 (Core)
| Command      : report_control_sets -verbose -file tlc_controller_control_sets_placed.rpt
| Design       : tlc_controller
| Device       : xc7z010
------------------------------------------------------------------------------------------------

Control Set Information

Table of Contents
-----------------
1. Summary
2. Flip-Flop Distribution
3. Detailed Control Set Information

1. Summary
----------

+-------------------------------------------------------------------+-------+
|                               Status                              | Count |
+-------------------------------------------------------------------+-------+
| Number of unique control sets                                     |     3 |
| Minimum Number of register sites lost to control set restrictions |     8 |
+-------------------------------------------------------------------+-------+


2. Flip-Flop Distribution
-------------------------

+--------------+-----------------------+------------------------+-----------------+--------------+
| Clock Enable | Synchronous Set/Reset | Asynchronous Set/Reset | Total Registers | Total Slices |
+--------------+-----------------------+------------------------+-----------------+--------------+
| No           | No                    | No                     |              17 |            8 |
| No           | No                    | Yes                    |               0 |            0 |
| No           | Yes                   | No                     |               0 |            0 |
| Yes          | No                    | No                     |               0 |            0 |
| Yes          | No                    | Yes                    |               0 |            0 |
| Yes          | Yes                   | No                     |              31 |            8 |
+--------------+-----------------------+------------------------+-----------------+--------------+


3. Detailed Control Set Information
-----------------------------------

+-------------------------------+---------------+------------------+------------------+----------------+
|          Clock Signal         | Enable Signal | Set/Reset Signal | Slice Load Count | Bel Load Count |
+-------------------------------+---------------+------------------+------------------+----------------+
|  FSM/nextState_reg[2]_i_2_n_0 |               |                  |                2 |              8 |
|  Clk_IBUF_BUFG                |               |                  |                6 |              9 |
|  Clk_IBUF_BUFG                | sel           | FSM/JB_OBUF[3]   |                8 |             31 |
+-------------------------------+---------------+------------------+------------------+----------------+


